<?xml version="1.0" encoding="UTF-8"?>
<!-- Generated by org.testng.reporters.JUnitReportReporter -->
<testsuite skipped="2" hostname="N-20L6PF15UWFS" name="com.seleniumwithjavascript.LicenseDeleteTest" tests="3" failures="0" timestamp="28 Nov 2018 05:32:01 GMT" time="211.457" errors="0">
  <testcase name="addLicense" time="211.457" classname="com.seleniumwithjavascript.LicenseDeleteTest"/>
  <testcase name="backupLicense" classname="com.seleniumwithjavascript.LicenseDeleteTest">
    <skipped/>
  </testcase> <!-- backupLicense -->
  <testcase name="deleteLicense" classname="com.seleniumwithjavascript.LicenseDeleteTest">
    <skipped/>
  </testcase> <!-- deleteLicense -->
</testsuite> <!-- com.seleniumwithjavascript.LicenseDeleteTest -->
