<?xml version="1.0" encoding="UTF-8"?>
<!-- Generated by org.testng.reporters.JUnitReportReporter -->
<testsuite skipped="0" hostname="N-20L6PF15UWFS" name="com.seleniumwithjavascript.AddNewAdapationTest" tests="2" failures="0" timestamp="17 Dec 2018 08:27:37 GMT" time="33.069" errors="0">
  <testcase name="verifyAddingNewAdapataionInNidd_Test" time="20.933" classname="com.seleniumwithjavascript.AddNewAdapationTest"/>
  <testcase name="verifyAddingSubSystemDetails_Test" time="12.136" classname="com.seleniumwithjavascript.AddNewAdapationTest"/>
</testsuite> <!-- com.seleniumwithjavascript.AddNewAdapationTest -->
